  ENGINE.cpp
C:\Users\Arsen\source\repos\Tetris\Tetris\ENGINE.cpp(10,76): warning C4244: 'argument': conversion from 'int' to 'T', possible loss of data
          with
          [
              T=float
          ]
C:\Users\Arsen\source\repos\Tetris\Tetris\ENGINE.cpp(38,115): warning C4244: 'argument': conversion from 'int' to 'T', possible loss of data
          with
          [
              T=float
          ]
C:\Users\Arsen\source\repos\Tetris\Tetris\ENGINE.cpp(38,70): warning C4244: 'argument': conversion from 'int' to 'T', possible loss of data
          with
          [
              T=float
          ]
C:\Users\Arsen\source\repos\Tetris\Tetris\ENGINE.cpp(42,142): warning C4244: 'argument': conversion from 'int' to 'T', possible loss of data
          with
          [
              T=float
          ]
C:\Users\Arsen\source\repos\Tetris\Tetris\ENGINE.cpp(42,83): warning C4244: 'argument': conversion from 'int' to 'T', possible loss of data
          with
          [
              T=float
          ]
  Generating code
  2 of 319 functions ( 0.6%) were compiled, the rest were copied from previous compilation.
    0 functions were new in current compilation
    12 functions had inline decision re-evaluated but remain unchanged
  Finished generating code
  Tetris.vcxproj -> C:\Users\Arsen\source\repos\Tetris\x64\Release\Tetris.exe
